Using pre-set license
Built from '2020.2/staging' branch; Version is '2020.2.5f1 (e2c53f129de5) revision 14861631'; Using compiler version '192528614'; Build Type 'Release'
OS: 'Windows 10 Pro; OS build 19042.928; Version 2009; 64bit' Language: 'en' Physical Memory: 16309 MB
BatchMode: 1, IsHumanControllingUs: 0, StartBugReporterOnCrash: 0, Is64bit: 1, IsPro: 0

 COMMAND LINE ARGUMENTS:
C:\Program Files\Unity\Hub\Editor\2020.2.5f1\Editor\Unity.exe
-adb2
-batchMode
-noUpm
-name
AssetImportWorker0
-projectPath
F:/Unity Stuff/Unity Projects/Navy Project_w_VMS_0.2
-logFile
Logs/AssetImportWorker0.log
-srvPort
57214
Successfully changed project path to: F:/Unity Stuff/Unity Projects/Navy Project_w_VMS_0.2
F:/Unity Stuff/Unity Projects/Navy Project_w_VMS_0.2
Using Asset Import Pipeline V2.
Refreshing native plugins compatible for Editor in 66.12 ms, found 0 plugins.
Preloading 0 native plugins for Editor in 0.00 ms.
Initialize engine version: 2020.2.5f1 (e2c53f129de5)
[Subsystems] Discovering subsystems at path C:/Program Files/Unity/Hub/Editor/2020.2.5f1/Editor/Data/Resources/UnitySubsystems
[Subsystems] Discovering subsystems at path F:/Unity Stuff/Unity Projects/Navy Project_w_VMS_0.2/Assets
GfxDevice: creating device client; threaded=0
Direct3D:
    Version:  Direct3D 11.0 [level 11.1]
    Renderer: NVIDIA GeForce RTX 2060 SUPER (ID=0x1f06)
    Vendor:   
    VRAM:     8031 MB
    Driver:   27.21.14.5671
Shader 'Universal Render Pipeline/Particles/Lit': fallback shader 'Universal Render Pipeline/Particles/SimpleLit' not found
Initialize mono
Mono path[0] = 'C:/Program Files/Unity/Hub/Editor/2020.2.5f1/Editor/Data/Managed'
Mono path[1] = 'C:/Program Files/Unity/Hub/Editor/2020.2.5f1/Editor/Data/MonoBleedingEdge/lib/mono/unityjit'
Mono config path = 'C:/Program Files/Unity/Hub/Editor/2020.2.5f1/Editor/Data/MonoBleedingEdge/etc'
Using monoOptions --debugger-agent=transport=dt_socket,embedding=1,server=y,suspend=n,address=127.0.0.1:56472
Begin MonoManager ReloadAssembly
Registering precompiled unity dll's ...
Register platform support module: C:/Program Files/Unity/Hub/Editor/2020.2.5f1/Editor/Data/PlaybackEngines/WindowsStandaloneSupport/UnityEditor.WindowsStandalone.Extensions.dll
Registered in 0.002701 seconds.
Native extension for WindowsStandalone target not found
Refreshing native plugins compatible for Editor in 75.86 ms, found 0 plugins.
Preloading 0 native plugins for Editor in 0.00 ms.
Invoked RoslynAnalysisRunner static constructor.
RoslynAnalysisRunner will not be running.
RoslynAnalysisRunner has terminated.
Mono: successfully reloaded assembly
- Completed reload, in  2.764 seconds
Platform modules already initialized, skipping
Registering precompiled user dll's ...
Registered in 0.007078 seconds.
Begin MonoManager ReloadAssembly
Native extension for WindowsStandalone target not found
Refreshing native plugins compatible for Editor in 67.26 ms, found 0 plugins.
Preloading 0 native plugins for Editor in 0.00 ms.
Invoked RoslynAnalysisRunner static constructor.
RoslynAnalysisRunner will not be running.
RoslynAnalysisRunner has terminated.
Mono: successfully reloaded assembly
- Completed reload, in  1.435 seconds
Platform modules already initialized, skipping
========================================================================
Worker process is ready to serve import requests
Shader 'Universal Render Pipeline/Particles/Lit': fallback shader 'Universal Render Pipeline/Particles/SimpleLit' not found
Launched and connected shader compiler UnityShaderCompiler.exe after 0.06 seconds
Refreshing native plugins compatible for Editor in 0.69 ms, found 0 plugins.
Preloading 0 native plugins for Editor in 0.00 ms.
Unloading 2695 Unused Serialized files (Serialized files now loaded: 0)
System memory in use before: 131.8 MB.
System memory in use after: 131.6 MB.

Unloading 23 unused Assets to reduce memory usage. Loaded Objects now: 3147.
Total: 2.799900 ms (FindLiveObjects: 0.468300 ms CreateObjectMapping: 0.106400 ms MarkObjects: 1.878500 ms  DeleteObjects: 0.345500 ms)

========================================================================
Received Import Request.
  path: Assets/AirCraft/ju-87_max.fbx
  artifactKey: Guid(b33b1357386147b4aa3d47944611d623) Importer(815301076,1909f56bfc062723c751e8b465ee728b)
Start importing Assets/AirCraft/ju-87_max.fbx using Guid(b33b1357386147b4aa3d47944611d623) Importer(815301076,1909f56bfc062723c751e8b465ee728b)  -> (artifact id: '4394d86fa60d87651aa5ad350ea4e4cc') in 0.237904 seconds
  Import took 0.265786 seconds .

========================================================================
Received Import Request.
  Time since last request: 0.000265 seconds.
  path: Assets/CommercialSHip/Comercial1.prefab
  artifactKey: Guid(f5dd201004c6bfb44b1791cfbd45d58f) Importer(815301076,1909f56bfc062723c751e8b465ee728b)
Start importing Assets/CommercialSHip/Comercial1.prefab using Guid(f5dd201004c6bfb44b1791cfbd45d58f) Importer(815301076,1909f56bfc062723c751e8b465ee728b)  -> (artifact id: 'ecd472920541a05886b239b50b835588') in 0.100351 seconds
  Import took 0.104723 seconds .

========================================================================
Received Import Request.
  Time since last request: 15.702170 seconds.
  path: Assets/Images/BridgeLayout.JPG
  artifactKey: Guid(ad47d1db3ba4f584aa795dae03077fda) Importer(815301076,1909f56bfc062723c751e8b465ee728b)
Start importing Assets/Images/BridgeLayout.JPG using Guid(ad47d1db3ba4f584aa795dae03077fda) Importer(815301076,1909f56bfc062723c751e8b465ee728b)  -> (artifact id: 'f78935a390be238b2071c922183d4241') in 0.110009 seconds
  Import took 0.114239 seconds .

========================================================================
Received Import Request.
  Time since last request: 0.000196 seconds.
  path: Assets/Images/Panel Image.jpg
  artifactKey: Guid(50a8819e58f6b714b83c022b11f3f8e0) Importer(815301076,1909f56bfc062723c751e8b465ee728b)
Start importing Assets/Images/Panel Image.jpg using Guid(50a8819e58f6b714b83c022b11f3f8e0) Importer(815301076,1909f56bfc062723c751e8b465ee728b)  -> (artifact id: 'e2ff34cd3c0f5817a3d103bbd316a4c5') in 0.061737 seconds
  Import took 0.065671 seconds .

========================================================================
Received Import Request.
  Time since last request: 0.000196 seconds.
  path: Assets/Images/MAP.png
  artifactKey: Guid(846de71dc53c51b4ba7aae0b2392efc7) Importer(815301076,1909f56bfc062723c751e8b465ee728b)
Start importing Assets/Images/MAP.png using Guid(846de71dc53c51b4ba7aae0b2392efc7) Importer(815301076,1909f56bfc062723c751e8b465ee728b)  -> (artifact id: '4289a4d7a2c319ed0f2c9d8669c1412f') in 0.081185 seconds
  Import took 0.085071 seconds .

========================================================================
Received Import Request.
  Time since last request: 0.000241 seconds.
  path: Assets/Images/map.jpg
  artifactKey: Guid(c028aac306e02504db758525b91c1f34) Importer(815301076,1909f56bfc062723c751e8b465ee728b)
Start importing Assets/Images/map.jpg using Guid(c028aac306e02504db758525b91c1f34) Importer(815301076,1909f56bfc062723c751e8b465ee728b)  -> (artifact id: '0811e8052238572bedf1fb9d09097193') in 0.051830 seconds
  Import took 0.055970 seconds .

========================================================================
Received Prepare
Registering precompiled user dll's ...
Registered in 0.034805 seconds.
Begin MonoManager ReloadAssembly
Native extension for WindowsStandalone target not found
Refreshing native plugins compatible for Editor in 0.75 ms, found 0 plugins.
Preloading 0 native plugins for Editor in 0.00 ms.
Invoked RoslynAnalysisRunner static constructor.
RoslynAnalysisRunner will not be running.
RoslynAnalysisRunner has terminated.
Mono: successfully reloaded assembly
- Completed reload, in  1.277 seconds
Platform modules already initialized, skipping
Shader 'Universal Render Pipeline/Particles/Lit': fallback shader 'Universal Render Pipeline/Particles/SimpleLit' not found
Refreshing native plugins compatible for Editor in 0.74 ms, found 0 plugins.
Preloading 0 native plugins for Editor in 0.00 ms.
Unloading 2591 Unused Serialized files (Serialized files now loaded: 0)
System memory in use before: 127.4 MB.
System memory in use after: 127.3 MB.

Unloading 18 unused Assets to reduce memory usage. Loaded Objects now: 3195.
Total: 2.945700 ms (FindLiveObjects: 0.360800 ms CreateObjectMapping: 0.074800 ms MarkObjects: 2.160800 ms  DeleteObjects: 0.347300 ms)

========================================================================
Received Prepare
Registering precompiled user dll's ...
Registered in 0.007160 seconds.
Begin MonoManager ReloadAssembly
Native extension for WindowsStandalone target not found
Refreshing native plugins compatible for Editor in 0.78 ms, found 0 plugins.
Preloading 0 native plugins for Editor in 0.00 ms.
Invoked RoslynAnalysisRunner static constructor.
RoslynAnalysisRunner will not be running.
RoslynAnalysisRunner has terminated.
Mono: successfully reloaded assembly
- Completed reload, in  1.290 seconds
Platform modules already initialized, skipping
Shader 'Universal Render Pipeline/Particles/Lit': fallback shader 'Universal Render Pipeline/Particles/SimpleLit' not found
Refreshing native plugins compatible for Editor in 0.73 ms, found 0 plugins.
Preloading 0 native plugins for Editor in 0.00 ms.
Unloading 2591 Unused Serialized files (Serialized files now loaded: 0)
System memory in use before: 127.5 MB.
System memory in use after: 127.3 MB.

Unloading 18 unused Assets to reduce memory usage. Loaded Objects now: 3197.
Total: 2.759500 ms (FindLiveObjects: 0.306400 ms CreateObjectMapping: 0.066500 ms MarkObjects: 1.983700 ms  DeleteObjects: 0.401300 ms)

========================================================================
Received Import Request.
  Time since last request: 698.878824 seconds.
  path: Assets/Scripts/Ships/WatercraftClass.cs
  artifactKey: Guid(5a14a8b015ef05d48ad6020e872dcd9d) Importer(815301076,1909f56bfc062723c751e8b465ee728b)
Start importing Assets/Scripts/Ships/WatercraftClass.cs using Guid(5a14a8b015ef05d48ad6020e872dcd9d) Importer(815301076,1909f56bfc062723c751e8b465ee728b)  -> (artifact id: '45eaa552b44c22f7c29514c92065b5ba') in 0.017061 seconds
  Import took 0.230760 seconds .

========================================================================
Received Prepare
Registering precompiled user dll's ...
Registered in 0.007771 seconds.
Begin MonoManager ReloadAssembly
Native extension for WindowsStandalone target not found
Refreshing native plugins compatible for Editor in 0.82 ms, found 0 plugins.
Preloading 0 native plugins for Editor in 0.00 ms.
Invoked RoslynAnalysisRunner static constructor.
RoslynAnalysisRunner will not be running.
RoslynAnalysisRunner has terminated.
Mono: successfully reloaded assembly
- Completed reload, in  1.100 seconds
Platform modules already initialized, skipping
Shader 'Universal Render Pipeline/Particles/Lit': fallback shader 'Universal Render Pipeline/Particles/SimpleLit' not found
Refreshing native plugins compatible for Editor in 0.72 ms, found 0 plugins.
Preloading 0 native plugins for Editor in 0.00 ms.
Unloading 2591 Unused Serialized files (Serialized files now loaded: 0)
System memory in use before: 127.5 MB.
System memory in use after: 127.4 MB.

Unloading 18 unused Assets to reduce memory usage. Loaded Objects now: 3199.
Total: 2.839600 ms (FindLiveObjects: 0.421400 ms CreateObjectMapping: 0.088700 ms MarkObjects: 1.921400 ms  DeleteObjects: 0.406700 ms)

